<?xml version="1.0" encoding="UTF-8"?>
<testng-results ignored="0" total="4" passed="3" failed="1" skipped="0">
  <reporter-output>
  </reporter-output>
  <suite started-at="2025-05-21T14:04:20 IST" name="Default suite" finished-at="2025-05-21T14:05:56 IST" duration-ms="95847">
    <groups>
    </groups>
    <test started-at="2025-05-21T14:04:20 IST" name="Default test" finished-at="2025-05-21T14:05:56 IST" duration-ms="95847">
      <class name="tests.CombinedTest">
        <test-method is-config="true" signature="setUp()[pri:0, instance:tests.CombinedTest@2c767a52]" started-at="2025-05-21T14:04:20 IST" name="setUp" finished-at="2025-05-21T14:04:25 IST" duration-ms="4754" status="PASS">
          <reporter-output>
          </reporter-output>
        </test-method> <!-- setUp -->
        <test-method signature="testFormSubmission()[pri:1, instance:tests.CombinedTest@2c767a52]" started-at="2025-05-21T14:04:25 IST" name="testFormSubmission" finished-at="2025-05-21T14:04:45 IST" duration-ms="20114" status="PASS">
          <reporter-output>
          </reporter-output>
        </test-method> <!-- testFormSubmission -->
        <test-method is-config="true" signature="tearDown(org.testng.ITestResult)[pri:0, instance:tests.CombinedTest@2c767a52]" started-at="2025-05-21T14:04:45 IST" name="tearDown" finished-at="2025-05-21T14:04:50 IST" duration-ms="5434" status="PASS">
          <params>
            <param index="0">
              <value>
                <![CDATA[[TestResult name=testFormSubmission status=SUCCESS method=CombinedTest.testFormSubmission()[pri:1, instance:tests.CombinedTest@2c767a52] output={null}]]]>
              </value>
            </param>
          </params>
          <reporter-output>
          </reporter-output>
        </test-method> <!-- tearDown -->
        <test-method is-config="true" signature="setUp()[pri:0, instance:tests.CombinedTest@2c767a52]" started-at="2025-05-21T14:04:50 IST" name="setUp" finished-at="2025-05-21T14:04:54 IST" duration-ms="3457" status="PASS">
          <reporter-output>
          </reporter-output>
        </test-method> <!-- setUp -->
        <test-method signature="testFormSubmissionNegative()[pri:2, instance:tests.CombinedTest@2c767a52]" started-at="2025-05-21T14:04:54 IST" name="testFormSubmissionNegative" finished-at="2025-05-21T14:05:07 IST" duration-ms="13514" status="FAIL">
          <exception class="java.lang.AssertionError">
            <message>
              <![CDATA[Form should not be submitted with invalid email did not expect to find [true] but found [false]]]>
            </message>
            <full-stacktrace>
              <![CDATA[java.lang.AssertionError: Form should not be submitted with invalid email did not expect to find [true] but found [false]
at org.testng.Assert.fail(Assert.java:97)
at org.testng.Assert.failNotEquals(Assert.java:969)
at org.testng.Assert.assertTrue(Assert.java:43)
at tests.CombinedTest.testFormSubmissionNegative(CombinedTest.java:57)
at java.base/jdk.internal.reflect.DirectMethodHandleAccessor.invoke(DirectMethodHandleAccessor.java:103)
at java.base/java.lang.reflect.Method.invoke(Method.java:580)
at org.testng.internal.MethodInvocationHelper.invokeMethod(MethodInvocationHelper.java:133)
at org.testng.internal.TestInvoker.invokeMethod(TestInvoker.java:584)
at org.testng.internal.TestInvoker.invokeTestMethod(TestInvoker.java:172)
at org.testng.internal.MethodRunner.runInSequence(MethodRunner.java:46)
at org.testng.internal.TestInvoker$MethodInvocationAgent.invoke(TestInvoker.java:804)
at org.testng.internal.TestInvoker.invokeTestMethods(TestInvoker.java:145)
at org.testng.internal.TestMethodWorker.invokeTestMethods(TestMethodWorker.java:146)
at org.testng.internal.TestMethodWorker.run(TestMethodWorker.java:128)
at java.base/java.util.ArrayList.forEach(ArrayList.java:1596)
at org.testng.TestRunner.privateRun(TestRunner.java:770)
at org.testng.TestRunner.run(TestRunner.java:591)
at org.testng.SuiteRunner.runTest(SuiteRunner.java:402)
at org.testng.SuiteRunner.runSequentially(SuiteRunner.java:396)
at org.testng.SuiteRunner.privateRun(SuiteRunner.java:355)
at org.testng.SuiteRunner.run(SuiteRunner.java:304)
at org.testng.SuiteRunnerWorker.runSuite(SuiteRunnerWorker.java:53)
at org.testng.SuiteRunnerWorker.run(SuiteRunnerWorker.java:96)
at org.testng.TestNG.runSuitesSequentially(TestNG.java:1180)
at org.testng.TestNG.runSuitesLocally(TestNG.java:1102)
at org.testng.TestNG.runSuites(TestNG.java:1032)
at org.testng.TestNG.run(TestNG.java:1000)
at org.testng.remote.AbstractRemoteTestNG.run(AbstractRemoteTestNG.java:115)
at org.testng.remote.RemoteTestNG.initAndRun(RemoteTestNG.java:293)
at org.testng.remote.RemoteTestNG.main(RemoteTestNG.java:91)
]]>
            </full-stacktrace>
          </exception> <!-- java.lang.AssertionError -->
          <reporter-output>
          </reporter-output>
        </test-method> <!-- testFormSubmissionNegative -->
        <test-method is-config="true" signature="tearDown(org.testng.ITestResult)[pri:0, instance:tests.CombinedTest@2c767a52]" started-at="2025-05-21T14:05:07 IST" name="tearDown" finished-at="2025-05-21T14:05:13 IST" duration-ms="6127" status="PASS">
          <params>
            <param index="0">
              <value>
                <![CDATA[[TestResult name=testFormSubmissionNegative status=FAILURE method=CombinedTest.testFormSubmissionNegative()[pri:2, instance:tests.CombinedTest@2c767a52] output={null}]]]>
              </value>
            </param>
          </params>
          <reporter-output>
          </reporter-output>
        </test-method> <!-- tearDown -->
        <test-method is-config="true" signature="setUp()[pri:0, instance:tests.CombinedTest@2c767a52]" started-at="2025-05-21T14:05:13 IST" name="setUp" finished-at="2025-05-21T14:05:16 IST" duration-ms="2641" status="PASS">
          <reporter-output>
          </reporter-output>
        </test-method> <!-- setUp -->
        <test-method signature="testSearchFunctionality()[pri:3, instance:tests.CombinedTest@2c767a52]" started-at="2025-05-21T14:05:16 IST" name="testSearchFunctionality" finished-at="2025-05-21T14:05:32 IST" duration-ms="16582" status="PASS">
          <reporter-output>
          </reporter-output>
        </test-method> <!-- testSearchFunctionality -->
        <test-method is-config="true" signature="tearDown(org.testng.ITestResult)[pri:0, instance:tests.CombinedTest@2c767a52]" started-at="2025-05-21T14:05:32 IST" name="tearDown" finished-at="2025-05-21T14:05:39 IST" duration-ms="6309" status="PASS">
          <params>
            <param index="0">
              <value>
                <![CDATA[[TestResult name=testSearchFunctionality status=SUCCESS method=CombinedTest.testSearchFunctionality()[pri:3, instance:tests.CombinedTest@2c767a52] output={null}]]]>
              </value>
            </param>
          </params>
          <reporter-output>
          </reporter-output>
        </test-method> <!-- tearDown -->
        <test-method is-config="true" signature="setUp()[pri:0, instance:tests.CombinedTest@2c767a52]" started-at="2025-05-21T14:05:39 IST" name="setUp" finished-at="2025-05-21T14:05:41 IST" duration-ms="2729" status="PASS">
          <reporter-output>
          </reporter-output>
        </test-method> <!-- setUp -->
        <test-method signature="testSearchNegative()[pri:4, instance:tests.CombinedTest@2c767a52]" started-at="2025-05-21T14:05:41 IST" name="testSearchNegative" finished-at="2025-05-21T14:05:51 IST" duration-ms="9883" status="PASS">
          <reporter-output>
          </reporter-output>
        </test-method> <!-- testSearchNegative -->
        <test-method is-config="true" signature="tearDown(org.testng.ITestResult)[pri:0, instance:tests.CombinedTest@2c767a52]" started-at="2025-05-21T14:05:51 IST" name="tearDown" finished-at="2025-05-21T14:05:56 IST" duration-ms="4257" status="PASS">
          <params>
            <param index="0">
              <value>
                <![CDATA[[TestResult name=testSearchNegative status=SUCCESS method=CombinedTest.testSearchNegative()[pri:4, instance:tests.CombinedTest@2c767a52] output={null}]]]>
              </value>
            </param>
          </params>
          <reporter-output>
          </reporter-output>
        </test-method> <!-- tearDown -->
      </class> <!-- tests.CombinedTest -->
    </test> <!-- Default test -->
  </suite> <!-- Default suite -->
</testng-results>
